-- The C compiler identification is GNU 9.4.0
-- The CXX compiler identification is GNU 9.4.0
-- Check for working C compiler: /usr/bin/cc
-- Check for working C compiler: /usr/bin/cc - works
-- Detecting C compiler ABI info
-- Detecting C compiler ABI info - done
-- Detecting C compile features
-- Detecting C compile features - done
-- Check for working CXX compiler: /usr/bin/c++
-- Check for working CXX compiler: /usr/bin/c++ - works
-- Detecting CXX compiler ABI info
-- Detecting CXX compiler ABI info - done
-- Detecting CXX compile features
-- Detecting CXX compile features - done
-- Using GVIRTUS_HOME=/home/GVirtuS
-- Looking for pthread.h
-- Looking for pthread.h - found
-- Performing Test CMAKE_HAVE_LIBC_PTHREAD
-- Performing Test CMAKE_HAVE_LIBC_PTHREAD - Failed
-- Looking for pthread_create in pthreads
-- Looking for pthread_create in pthreads - not found
-- Looking for pthread_create in pthread
-- Looking for pthread_create in pthread - found
-- Found Threads: TRUE  
-- Installing /home/GVirtuS/GVirtuS/include/gvirtus to /home/GVirtuS/include
-- Found CUDA: /usr/local/cuda (found version "12.2") 
-- Found cudaRT library: /usr/local/cuda/lib64/libcudart.so
-- /usr/local/cuda/lib64/libcudart.so
-- Found cudaRt: libcudart.so.12 (/usr/local/cuda/include/cuda_runtime_api.h, /usr/local/cuda/lib64/libcudart.so)
-- COMPILING...
-- LD_LIBRARY_PATH
-- EXTRA_NVCC_FLAGS
-- Found cuFFT library: /usr/local/cuda/lib64/libcufft.so
-- /usr/local/cuda/lib64/libcufft.so
-- Found cuFFT: libcufft.so.11 (/usr/local/cuda/include/cufft.h, /usr/local/cuda/lib64/libcufft.so)
-- Found cuDNN header: /usr/include
-- Found cuDNN library: /usr/lib/x86_64-linux-gnu/libcudnn.so
-- /usr/lib/x86_64-linux-gnu/libcudnn.so
-- /etc/alternatives/libcudnn_so
-- /usr/lib/x86_64-linux-gnu/libcudnn.so.8
-- Found cuDNN: 8.9.6 (/usr/include/cudnn.h, /usr/lib/x86_64-linux-gnu/libcudnn.so)
-- Configuring done
-- Generating done
-- Build files have been written to: /home/GVirtuS/GVirtuS/build
