-- Using GVIRTUS_HOME=/home/GVirtuS
-- Installing /home/GVirtuS/GVirtuS/include/gvirtus to /home/GVirtuS/include
-- Found cudaRT library: /usr/local/cuda/lib64/libcudart.so
-- /usr/local/cuda/lib64/libcudart.so
-- Found cudaRt: libcudart.so.12 (/usr/local/cuda/include/cuda_runtime_api.h, /usr/local/cuda/lib64/libcudart.so)
-- COMPILING...
-- LD_LIBRARY_PATH
-- EXTRA_NVCC_FLAGS
-- Found cuFFT library: /usr/local/cuda/lib64/libcufft.so
-- /usr/local/cuda/lib64/libcufft.so
-- Found cuFFT: libcufft.so.11 (/usr/local/cuda/include/cufft.h, /usr/local/cuda/lib64/libcufft.so)
-- Found cuDNN header: /usr/include
-- Found cuDNN library: /usr/lib/x86_64-linux-gnu/libcudnn.so
-- /usr/lib/x86_64-linux-gnu/libcudnn.so
-- /etc/alternatives/libcudnn_so
-- /usr/lib/x86_64-linux-gnu/libcudnn.so.8
-- Found cuDNN: 8.9.6 (/usr/include/cudnn.h, /usr/lib/x86_64-linux-gnu/libcudnn.so)
-- Configuring done
-- Generating done
-- Build files have been written to: /home/GVirtuS/GVirtuS/build
[  8%] Built target log4cplus
[  9%] Linking CXX shared library libgvirtus-common.so
[ 20%] Built target gvirtus-common
[ 21%] Linking CXX shared library libgvirtus-communicators.so
[ 28%] Built target gvirtus-communicators
[ 29%] Linking CXX shared library libgvirtus-communicators-tcp.so
[ 30%] Built target gvirtus-communicators-tcp
[ 31%] Linking CXX shared library libgvirtus-frontend.so
[ 32%] Built target gvirtus-frontend
[ 33%] Linking CXX executable gvirtus-backend
[ 37%] Built target gvirtus-backend
[ 38%] Linking CXX shared library libgvirtus-communicators-ib.so
[ 40%] Built target gvirtus-communicators-ib
[ 41%] Linking CXX shared library libgvirtus-plugin-cublas.so
[ 41%] Built target gvirtus-plugin-cublas
[ 42%] Linking CXX shared library libcublas.so
[ 47%] Built target cublas
[ 48%] Linking CXX shared library libgvirtus-plugin-cudart.so
[ 63%] Built target gvirtus-plugin-cudart
[ 64%] Linking CXX shared library libcudart.so
[ 79%] Built target cudart
[ 80%] Linking CXX executable add_grid.e
[ 80%] Built target add_grid.e
[ 81%] Linking CXX executable dummy0.e
[ 81%] Built target dummy0.e
[ 82%] Linking CXX executable launchKernel.e
[ 83%] Built target launchKernel.e
[ 84%] Linking CXX executable matrixMul.e
[ 85%] Built target matrixMul.e
[ 86%] Linking CXX shared library libgvirtus-plugin-cufft.so
[ 87%] Built target gvirtus-plugin-cufft
[ 88%] Linking CXX shared library libcufft.so
[ 90%] Built target cufft
[ 91%] Linking CXX shared library libgvirtus-plugin-curand.so
[ 92%] Built target gvirtus-plugin-curand
[ 93%] Linking CXX shared library libcurand.so
[ 95%] Built target curand
[ 96%] Linking CXX shared library libgvirtus-plugin-cudnn.so
[ 96%] Built target gvirtus-plugin-cudnn
[ 97%] Linking CXX shared library libcudnn.so
[100%] Built target cudnn
Install the project...
-- Install configuration: ""
-- Up-to-date: /home/GVirtuS/include/gvirtus
-- Up-to-date: /home/GVirtuS/include/gvirtus/backend
-- Up-to-date: /home/GVirtuS/include/gvirtus/backend/Property.h
-- Up-to-date: /home/GVirtuS/include/gvirtus/backend/Process.h
-- Up-to-date: /home/GVirtuS/include/gvirtus/backend/Handler.h
-- Up-to-date: /home/GVirtuS/include/gvirtus/backend/Backend.h
-- Up-to-date: /home/GVirtuS/include/gvirtus/common
-- Up-to-date: /home/GVirtuS/include/gvirtus/common/Observer.h
-- Up-to-date: /home/GVirtuS/include/gvirtus/common/Encoder.h
-- Up-to-date: /home/GVirtuS/include/gvirtus/common/gvirtus-type.h
-- Up-to-date: /home/GVirtuS/include/gvirtus/common/LD_Lib.h
-- Up-to-date: /home/GVirtuS/include/gvirtus/common/SignalState.h
-- Up-to-date: /home/GVirtuS/include/gvirtus/common/MessageDispatcher.h
-- Up-to-date: /home/GVirtuS/include/gvirtus/common/Util.h
-- Up-to-date: /home/GVirtuS/include/gvirtus/common/SignalException.h
-- Up-to-date: /home/GVirtuS/include/gvirtus/common/Decoder.h
-- Up-to-date: /home/GVirtuS/include/gvirtus/common/Observable.h
-- Up-to-date: /home/GVirtuS/include/gvirtus/common/Mutex.h
-- Up-to-date: /home/GVirtuS/include/gvirtus/common/JSON.h
-- Up-to-date: /home/GVirtuS/include/gvirtus/communicators
-- Up-to-date: /home/GVirtuS/include/gvirtus/communicators/Endpoint_Tcp.h
-- Up-to-date: /home/GVirtuS/include/gvirtus/communicators/Endpoint_Rdma.h
-- Up-to-date: /home/GVirtuS/include/gvirtus/communicators/VMSocketCommunicator.h
-- Up-to-date: /home/GVirtuS/include/gvirtus/communicators/Buffer.h
-- Up-to-date: /home/GVirtuS/include/gvirtus/communicators/VMShmCommunicator.h
-- Up-to-date: /home/GVirtuS/include/gvirtus/communicators/ZmqCommunicator.h
-- Up-to-date: /home/GVirtuS/include/gvirtus/communicators/Endpoint.h
-- Up-to-date: /home/GVirtuS/include/gvirtus/communicators/Communicator.h
-- Up-to-date: /home/GVirtuS/include/gvirtus/communicators/Result.h
-- Up-to-date: /home/GVirtuS/include/gvirtus/communicators/AfUnixCommunicator.h
-- Up-to-date: /home/GVirtuS/include/gvirtus/communicators/ShmCommunicator.h
-- Up-to-date: /home/GVirtuS/include/gvirtus/communicators/EndpointFactory.h
-- Up-to-date: /home/GVirtuS/include/gvirtus/communicators/VmciCommunicator.h
-- Up-to-date: /home/GVirtuS/include/gvirtus/communicators/VirtioCommunicator.h
-- Up-to-date: /home/GVirtuS/include/gvirtus/communicators/CommunicatorFactory.h
-- Up-to-date: /home/GVirtuS/include/gvirtus/frontend
-- Up-to-date: /home/GVirtuS/include/gvirtus/frontend/Frontend.h
-- Installing: /home/GVirtuS/lib/libgvirtus-common.so
-- Up-to-date: /home/GVirtuS/include/nlohmann
-- Installing: /home/GVirtuS/include/nlohmann/json.hpp
-- Up-to-date: /home/GVirtuS/include/log4cplus
-- Up-to-date: /home/GVirtuS/include/log4cplus/internal
-- Installing: /home/GVirtuS/include/log4cplus/internal/env.h
-- Installing: /home/GVirtuS/include/log4cplus/internal/internal.h
-- Installing: /home/GVirtuS/include/log4cplus/internal/cygwin-win32.h
-- Installing: /home/GVirtuS/include/log4cplus/internal/customloglevelmanager.h
-- Installing: /home/GVirtuS/include/log4cplus/internal/socket.h
-- Installing: /home/GVirtuS/include/log4cplus/qt5debugappender.h
-- Installing: /home/GVirtuS/include/log4cplus/configurator.h
-- Installing: /home/GVirtuS/include/log4cplus/consoleappender.h
-- Installing: /home/GVirtuS/include/log4cplus/log4cplus.h
-- Installing: /home/GVirtuS/include/log4cplus/fileappender.h
-- Up-to-date: /home/GVirtuS/include/log4cplus/spi
-- Installing: /home/GVirtuS/include/log4cplus/spi/loggerfactory.h
-- Installing: /home/GVirtuS/include/log4cplus/spi/rootlogger.h
-- Installing: /home/GVirtuS/include/log4cplus/spi/loggerimpl.h
-- Installing: /home/GVirtuS/include/log4cplus/spi/appenderattachable.h
-- Installing: /home/GVirtuS/include/log4cplus/spi/loggingevent.h
-- Installing: /home/GVirtuS/include/log4cplus/spi/objectregistry.h
-- Installing: /home/GVirtuS/include/log4cplus/spi/filter.h
-- Installing: /home/GVirtuS/include/log4cplus/spi/factory.h
-- Installing: /home/GVirtuS/include/log4cplus/log4judpappender.h
-- Installing: /home/GVirtuS/include/log4cplus/config.hxx
-- Installing: /home/GVirtuS/include/log4cplus/clfsappender.h
-- Installing: /home/GVirtuS/include/log4cplus/hierarchy.h
-- Installing: /home/GVirtuS/include/log4cplus/clogger.h
-- Installing: /home/GVirtuS/include/log4cplus/mdc.h
-- Installing: /home/GVirtuS/include/log4cplus/layout.h
-- Installing: /home/GVirtuS/include/log4cplus/loglevel.h
-- Installing: /home/GVirtuS/include/log4cplus/hierarchylocker.h
-- Installing: /home/GVirtuS/include/log4cplus/tracelogger.h
-- Installing: /home/GVirtuS/include/log4cplus/initializer.h
-- Installing: /home/GVirtuS/include/log4cplus/appender.h
-- Installing: /home/GVirtuS/include/log4cplus/streams.h
-- Installing: /home/GVirtuS/include/log4cplus/asyncappender.h
-- Installing: /home/GVirtuS/include/log4cplus/callbackappender.h
-- Installing: /home/GVirtuS/include/log4cplus/ndc.h
-- Installing: /home/GVirtuS/include/log4cplus/tchar.h
-- Up-to-date: /home/GVirtuS/include/log4cplus/thread
-- Installing: /home/GVirtuS/include/log4cplus/thread/syncprims-pub-impl.h
-- Installing: /home/GVirtuS/include/log4cplus/thread/threads.h
-- Up-to-date: /home/GVirtuS/include/log4cplus/thread/impl
-- Installing: /home/GVirtuS/include/log4cplus/thread/impl/syncprims-impl.h
-- Installing: /home/GVirtuS/include/log4cplus/thread/impl/syncprims-pmsm.h
-- Installing: /home/GVirtuS/include/log4cplus/thread/impl/tls.h
-- Installing: /home/GVirtuS/include/log4cplus/thread/impl/threads-impl.h
-- Installing: /home/GVirtuS/include/log4cplus/thread/impl/syncprims-cxx11.h
-- Installing: /home/GVirtuS/include/log4cplus/thread/syncprims.h
-- Installing: /home/GVirtuS/include/log4cplus/fstreams.h
-- Installing: /home/GVirtuS/include/log4cplus/syslogappender.h
-- Installing: /home/GVirtuS/include/log4cplus/win32debugappender.h
-- Up-to-date: /home/GVirtuS/include/log4cplus/boost
-- Installing: /home/GVirtuS/include/log4cplus/boost/deviceappender.hxx
-- Installing: /home/GVirtuS/include/log4cplus/win32consoleappender.h
-- Installing: /home/GVirtuS/include/log4cplus/loggingmacros.h
-- Installing: /home/GVirtuS/include/log4cplus/msttsappender.h
-- Installing: /home/GVirtuS/include/log4cplus/nullappender.h
-- Up-to-date: /home/GVirtuS/include/log4cplus/config
-- Installing: /home/GVirtuS/include/log4cplus/config/windowsh-inc.h
-- Installing: /home/GVirtuS/include/log4cplus/config/defines.hxx
-- Installing: /home/GVirtuS/include/log4cplus/config/win32.h
-- Installing: /home/GVirtuS/include/log4cplus/config/windowsh-inc-full.h
-- Installing: /home/GVirtuS/include/log4cplus/config/macosx.h
-- Installing: /home/GVirtuS/include/log4cplus/logger.h
-- Up-to-date: /home/GVirtuS/include/log4cplus/helpers
-- Installing: /home/GVirtuS/include/log4cplus/helpers/timehelper.h
-- Installing: /home/GVirtuS/include/log4cplus/helpers/fileinfo.h
-- Installing: /home/GVirtuS/include/log4cplus/helpers/pointer.h
-- Installing: /home/GVirtuS/include/log4cplus/helpers/thread-config.h
-- Installing: /home/GVirtuS/include/log4cplus/helpers/socketbuffer.h
-- Installing: /home/GVirtuS/include/log4cplus/helpers/queue.h
-- Installing: /home/GVirtuS/include/log4cplus/helpers/property.h
-- Installing: /home/GVirtuS/include/log4cplus/helpers/connectorthread.h
-- Installing: /home/GVirtuS/include/log4cplus/helpers/appenderattachableimpl.h
-- Installing: /home/GVirtuS/include/log4cplus/helpers/socket.h
-- Installing: /home/GVirtuS/include/log4cplus/helpers/lockfile.h
-- Installing: /home/GVirtuS/include/log4cplus/helpers/stringhelper.h
-- Installing: /home/GVirtuS/include/log4cplus/helpers/loglog.h
-- Installing: /home/GVirtuS/include/log4cplus/helpers/snprintf.h
-- Installing: /home/GVirtuS/include/log4cplus/qt4debugappender.h
-- Installing: /home/GVirtuS/include/log4cplus/socketappender.h
-- Installing: /home/GVirtuS/include/log4cplus/version.h
-- Installing: /home/GVirtuS/include/log4cplus/tstring.h
-- Installing: /home/GVirtuS/include/log4cplus/nteventlogappender.h
-- Up-to-date: /home/GVirtuS/lib
-- Up-to-date: /home/GVirtuS/lib/liblog4cplusU.so
-- Installing: /home/GVirtuS/lib/liblog4cplus.la
-- Installing: /home/GVirtuS/lib/liblog4cplus-2.0.so.3.4.5
-- Up-to-date: /home/GVirtuS/lib/liblog4cplus.so
-- Installing: /home/GVirtuS/lib/liblog4cplusU.la
-- Up-to-date: /home/GVirtuS/lib/liblog4cplus-2.0.so.3
-- Up-to-date: /home/GVirtuS/lib/liblog4cplusU-2.0.so.3
-- Up-to-date: /home/GVirtuS/lib/pkgconfig
-- Installing: /home/GVirtuS/lib/pkgconfig/log4cplus.pc
-- Installing: /home/GVirtuS/lib/liblog4cplusU-2.0.so.3.4.5
-- Up-to-date: /home/GVirtuS/etc
-- Installing: /home/GVirtuS/etc/properties.json
-- Installing: /home/GVirtuS/lib/libgvirtus-communicators.so
-- Installing: /home/GVirtuS/lib/libgvirtus-communicators-tcp.so
-- Installing: /home/GVirtuS/lib/libgvirtus-communicators-ib.so
-- Installing: /home/GVirtuS/lib/libgvirtus-frontend.so
-- Installing: /home/GVirtuS/bin/gvirtus-backend
-- Installing: /home/GVirtuS/lib/libgvirtus-plugin-cublas.so
-- Installing: /home/GVirtuS/lib/frontend/libcublas.so.12.2
-- Up-to-date: /home/GVirtuS/lib/frontend/libcublas.so.12
-- Up-to-date: /home/GVirtuS/lib/frontend/libcublas.so
-- Installing: /home/GVirtuS/lib/libgvirtus-plugin-cudart.so
-- Installing: /home/GVirtuS/lib/frontend/libcudart.so.12.2
-- Up-to-date: /home/GVirtuS/lib/frontend/libcudart.so.12
-- Up-to-date: /home/GVirtuS/lib/frontend/libcudart.so
-- Installing: /home/GVirtuS/demo/cudart/add_grid.e
-- Installing: /home/GVirtuS/demo/cudart/dummy0.e
-- Installing: /home/GVirtuS/demo/cudart/launchKernel.e
-- Installing: /home/GVirtuS/demo/cudart/matrixMul.e
-- Installing: /home/GVirtuS/lib/libgvirtus-plugin-cufft.so
-- Installing: /home/GVirtuS/lib/frontend/libcufft.so.12.2
-- Up-to-date: /home/GVirtuS/lib/frontend/libcufft.so.12
-- Up-to-date: /home/GVirtuS/lib/frontend/libcufft.so
-- Installing: /home/GVirtuS/lib/libgvirtus-plugin-curand.so
-- Installing: /home/GVirtuS/lib/frontend/libcurand.so.12.2
-- Up-to-date: /home/GVirtuS/lib/frontend/libcurand.so.12
-- Up-to-date: /home/GVirtuS/lib/frontend/libcurand.so
-- Installing: /home/GVirtuS/lib/libgvirtus-plugin-cudnn.so
-- Installing: /home/GVirtuS/lib/frontend/libcudnn.so.8.9.6
-- Up-to-date: /home/GVirtuS/lib/frontend/libcudnn.so.8
-- Up-to-date: /home/GVirtuS/lib/frontend/libcudnn.so
